<?xml version="1.0" encoding="UTF-8"?>
<testsuite xmlns:xsi="http://www.w3.org/2001/XMLSchema-instance" xsi:noNamespaceSchemaLocation="https://maven.apache.org/surefire/maven-surefire-plugin/xsd/surefire-test-report.xsd" name="bdcc.AppTest" time="0.015" tests="1" errors="0" skipped="0" failures="0">
  <properties>
    <property name="sun.desktop" value="windows"/>
    <property name="awt.toolkit" value="sun.awt.windows.WToolkit"/>
    <property name="file.encoding.pkg" value="sun.io"/>
    <property name="java.specification.version" value="1.8"/>
    <property name="sun.cpu.isalist" value="amd64"/>
    <property name="sun.jnu.encoding" value="Cp1252"/>
    <property name="java.class.path" value="C:\Users\rezii\Desktop\Universidade\4ano-2sem\Seg SD\BitNode\Bitnode\target\test-classes;C:\Users\rezii\Desktop\Universidade\4ano-2sem\Seg SD\BitNode\Bitnode\target\classes;C:\Users\rezii\.m2\repository\junit\junit\3.8.1\junit-3.8.1.jar;C:\Users\rezii\.m2\repository\commons-codec\commons-codec\1.14\commons-codec-1.14.jar;C:\Users\rezii\.m2\repository\org\bouncycastle\bcprov-jdk15on\1.64\bcprov-jdk15on-1.64.jar;C:\Users\rezii\.m2\repository\org\bouncycastle\bcpkix-jdk15on\1.64\bcpkix-jdk15on-1.64.jar;C:\Users\rezii\.m2\repository\log4j\log4j\1.2.17\log4j-1.2.17.jar;C:\Users\rezii\.m2\repository\io\grpc\grpc-netty-shaded\1.28.0\grpc-netty-shaded-1.28.0.jar;C:\Users\rezii\.m2\repository\io\grpc\grpc-core\1.28.0\grpc-core-1.28.0.jar;C:\Users\rezii\.m2\repository\com\google\code\gson\gson\2.8.6\gson-2.8.6.jar;C:\Users\rezii\.m2\repository\com\google\android\annotations\4.1.1.4\annotations-4.1.1.4.jar;C:\Users\rezii\.m2\repository\com\google\errorprone\error_prone_annotations\2.3.4\error_prone_annotations-2.3.4.jar;C:\Users\rezii\.m2\repository\io\perfmark\perfmark-api\0.19.0\perfmark-api-0.19.0.jar;C:\Users\rezii\.m2\repository\io\grpc\grpc-protobuf\1.28.0\grpc-protobuf-1.28.0.jar;C:\Users\rezii\.m2\repository\io\grpc\grpc-api\1.28.0\grpc-api-1.28.0.jar;C:\Users\rezii\.m2\repository\io\grpc\grpc-context\1.28.0\grpc-context-1.28.0.jar;C:\Users\rezii\.m2\repository\com\google\code\findbugs\jsr305\3.0.2\jsr305-3.0.2.jar;C:\Users\rezii\.m2\repository\org\codehaus\mojo\animal-sniffer-annotations\1.18\animal-sniffer-annotations-1.18.jar;C:\Users\rezii\.m2\repository\com\google\guava\guava\28.1-android\guava-28.1-android.jar;C:\Users\rezii\.m2\repository\com\google\guava\failureaccess\1.0.1\failureaccess-1.0.1.jar;C:\Users\rezii\.m2\repository\com\google\guava\listenablefuture\9999.0-empty-to-avoid-conflict-with-guava\listenablefuture-9999.0-empty-to-avoid-conflict-with-guava.jar;C:\Users\rezii\.m2\repository\org\checkerframework\checker-compat-qual\2.5.5\checker-compat-qual-2.5.5.jar;C:\Users\rezii\.m2\repository\com\google\j2objc\j2objc-annotations\1.3\j2objc-annotations-1.3.jar;C:\Users\rezii\.m2\repository\com\google\api\grpc\proto-google-common-protos\1.17.0\proto-google-common-protos-1.17.0.jar;C:\Users\rezii\.m2\repository\io\grpc\grpc-protobuf-lite\1.28.0\grpc-protobuf-lite-1.28.0.jar;C:\Users\rezii\.m2\repository\io\grpc\grpc-stub\1.28.0\grpc-stub-1.28.0.jar;C:\Users\rezii\.m2\repository\com\google\protobuf\protobuf-java\3.11.4\protobuf-java-3.11.4.jar;C:\Users\rezii\.m2\repository\io\protostuff\protostuff-core\1.7.0\protostuff-core-1.7.0.jar;C:\Users\rezii\.m2\repository\io\protostuff\protostuff-api\1.7.0\protostuff-api-1.7.0.jar;C:\Users\rezii\.m2\repository\io\protostuff\protostuff-runtime\1.7.0\protostuff-runtime-1.7.0.jar;C:\Users\rezii\.m2\repository\io\protostuff\protostuff-collectionschema\1.7.0\protostuff-collectionschema-1.7.0.jar;"/>
    <property name="java.vm.vendor" value="Oracle Corporation"/>
    <property name="sun.arch.data.model" value="64"/>
    <property name="user.variant" value=""/>
    <property name="java.vendor.url" value="http://java.oracle.com/"/>
    <property name="user.timezone" value="Europe/London"/>
    <property name="java.vm.specification.version" value="1.8"/>
    <property name="os.name" value="Windows 10"/>
    <property name="user.country" value="PT"/>
    <property name="sun.java.launcher" value="SUN_STANDARD"/>
    <property name="sun.boot.library.path" value="C:\Program Files\Java\jdk1.8.0_162\jre\bin"/>
    <property name="sun.java.command" value="C:\Users\rezii\AppData\Local\Temp\surefire4095009577021584548\surefirebooter5555547812176342455.jar C:\Users\rezii\AppData\Local\Temp\surefire4095009577021584548 2020-05-01T15-51-03_225-jvmRun1 surefire7301152521130817452tmp surefire_06769524773971964429tmp"/>
    <property name="surefire.test.class.path" value="C:\Users\rezii\Desktop\Universidade\4ano-2sem\Seg SD\BitNode\Bitnode\target\test-classes;C:\Users\rezii\Desktop\Universidade\4ano-2sem\Seg SD\BitNode\Bitnode\target\classes;C:\Users\rezii\.m2\repository\junit\junit\3.8.1\junit-3.8.1.jar;C:\Users\rezii\.m2\repository\commons-codec\commons-codec\1.14\commons-codec-1.14.jar;C:\Users\rezii\.m2\repository\org\bouncycastle\bcprov-jdk15on\1.64\bcprov-jdk15on-1.64.jar;C:\Users\rezii\.m2\repository\org\bouncycastle\bcpkix-jdk15on\1.64\bcpkix-jdk15on-1.64.jar;C:\Users\rezii\.m2\repository\log4j\log4j\1.2.17\log4j-1.2.17.jar;C:\Users\rezii\.m2\repository\io\grpc\grpc-netty-shaded\1.28.0\grpc-netty-shaded-1.28.0.jar;C:\Users\rezii\.m2\repository\io\grpc\grpc-core\1.28.0\grpc-core-1.28.0.jar;C:\Users\rezii\.m2\repository\com\google\code\gson\gson\2.8.6\gson-2.8.6.jar;C:\Users\rezii\.m2\repository\com\google\android\annotations\4.1.1.4\annotations-4.1.1.4.jar;C:\Users\rezii\.m2\repository\com\google\errorprone\error_prone_annotations\2.3.4\error_prone_annotations-2.3.4.jar;C:\Users\rezii\.m2\repository\io\perfmark\perfmark-api\0.19.0\perfmark-api-0.19.0.jar;C:\Users\rezii\.m2\repository\io\grpc\grpc-protobuf\1.28.0\grpc-protobuf-1.28.0.jar;C:\Users\rezii\.m2\repository\io\grpc\grpc-api\1.28.0\grpc-api-1.28.0.jar;C:\Users\rezii\.m2\repository\io\grpc\grpc-context\1.28.0\grpc-context-1.28.0.jar;C:\Users\rezii\.m2\repository\com\google\code\findbugs\jsr305\3.0.2\jsr305-3.0.2.jar;C:\Users\rezii\.m2\repository\org\codehaus\mojo\animal-sniffer-annotations\1.18\animal-sniffer-annotations-1.18.jar;C:\Users\rezii\.m2\repository\com\google\guava\guava\28.1-android\guava-28.1-android.jar;C:\Users\rezii\.m2\repository\com\google\guava\failureaccess\1.0.1\failureaccess-1.0.1.jar;C:\Users\rezii\.m2\repository\com\google\guava\listenablefuture\9999.0-empty-to-avoid-conflict-with-guava\listenablefuture-9999.0-empty-to-avoid-conflict-with-guava.jar;C:\Users\rezii\.m2\repository\org\checkerframework\checker-compat-qual\2.5.5\checker-compat-qual-2.5.5.jar;C:\Users\rezii\.m2\repository\com\google\j2objc\j2objc-annotations\1.3\j2objc-annotations-1.3.jar;C:\Users\rezii\.m2\repository\com\google\api\grpc\proto-google-common-protos\1.17.0\proto-google-common-protos-1.17.0.jar;C:\Users\rezii\.m2\repository\io\grpc\grpc-protobuf-lite\1.28.0\grpc-protobuf-lite-1.28.0.jar;C:\Users\rezii\.m2\repository\io\grpc\grpc-stub\1.28.0\grpc-stub-1.28.0.jar;C:\Users\rezii\.m2\repository\com\google\protobuf\protobuf-java\3.11.4\protobuf-java-3.11.4.jar;C:\Users\rezii\.m2\repository\io\protostuff\protostuff-core\1.7.0\protostuff-core-1.7.0.jar;C:\Users\rezii\.m2\repository\io\protostuff\protostuff-api\1.7.0\protostuff-api-1.7.0.jar;C:\Users\rezii\.m2\repository\io\protostuff\protostuff-runtime\1.7.0\protostuff-runtime-1.7.0.jar;C:\Users\rezii\.m2\repository\io\protostuff\protostuff-collectionschema\1.7.0\protostuff-collectionschema-1.7.0.jar;"/>
    <property name="sun.cpu.endian" value="little"/>
    <property name="user.home" value="C:\Users\rezii"/>
    <property name="user.language" value="pt"/>
    <property name="java.specification.vendor" value="Oracle Corporation"/>
    <property name="java.home" value="C:\Program Files\Java\jdk1.8.0_162\jre"/>
    <property name="basedir" value="C:\Users\rezii\Desktop\Universidade\4ano-2sem\Seg SD\BitNode\Bitnode"/>
    <property name="file.separator" value="\"/>
    <property name="line.separator" value="&#10;"/>
    <property name="java.vm.specification.vendor" value="Oracle Corporation"/>
    <property name="java.specification.name" value="Java Platform API Specification"/>
    <property name="java.awt.graphicsenv" value="sun.awt.Win32GraphicsEnvironment"/>
    <property name="surefire.real.class.path" value="C:\Users\rezii\AppData\Local\Temp\surefire4095009577021584548\surefirebooter5555547812176342455.jar"/>
    <property name="sun.boot.class.path" value="C:\Program Files\Java\jdk1.8.0_162\jre\lib\resources.jar;C:\Program Files\Java\jdk1.8.0_162\jre\lib\rt.jar;C:\Program Files\Java\jdk1.8.0_162\jre\lib\sunrsasign.jar;C:\Program Files\Java\jdk1.8.0_162\jre\lib\jsse.jar;C:\Program Files\Java\jdk1.8.0_162\jre\lib\jce.jar;C:\Program Files\Java\jdk1.8.0_162\jre\lib\charsets.jar;C:\Program Files\Java\jdk1.8.0_162\jre\lib\jfr.jar;C:\Program Files\Java\jdk1.8.0_162\jre\classes"/>
    <property name="user.script" value=""/>
    <property name="sun.management.compiler" value="HotSpot 64-Bit Tiered Compilers"/>
    <property name="java.runtime.version" value="1.8.0_162-b12"/>
    <property name="user.name" value="rezii"/>
    <property name="path.separator" value=";"/>
    <property name="os.version" value="10.0"/>
    <property name="java.endorsed.dirs" value="C:\Program Files\Java\jdk1.8.0_162\jre\lib\endorsed"/>
    <property name="java.runtime.name" value="Java(TM) SE Runtime Environment"/>
    <property name="file.encoding" value="Cp1252"/>
    <property name="java.vm.name" value="Java HotSpot(TM) 64-Bit Server VM"/>
    <property name="localRepository" value="C:\Users\rezii\.m2\repository"/>
    <property name="java.vendor.url.bug" value="http://bugreport.sun.com/bugreport/"/>
    <property name="java.io.tmpdir" value="C:\Users\rezii\AppData\Local\Temp\"/>
    <property name="java.version" value="1.8.0_162"/>
    <property name="user.dir" value="C:\Users\rezii\Desktop\Universidade\4ano-2sem\Seg SD\BitNode\Bitnode"/>
    <property name="os.arch" value="amd64"/>
    <property name="java.vm.specification.name" value="Java Virtual Machine Specification"/>
    <property name="java.awt.printerjob" value="sun.awt.windows.WPrinterJob"/>
    <property name="sun.os.patch.level" value=""/>
    <property name="java.library.path" value="C:\Program Files\Java\jdk1.8.0_162\jre\bin;C:\WINDOWS\Sun\Java\bin;C:\WINDOWS\system32;C:\WINDOWS;C:\Program Files (x86)\Razer\ChromaBroadcast\bin;C:\Program Files\Razer\ChromaBroadcast\bin;C:\ProgramData\Oracle\Java\javapath;C:\Program Files (x86)\Intel\iCLS Client\;C:\Program Files\Intel\iCLS Client\;C:\Windows\system32;C:\Windows;C:\Windows\System32\Wbem;C:\Windows\System32\WindowsPowerShell\v1.0\;C:\Program Files (x86)\Intel\Intel(R) Management Engine Components\DAL;C:\Program Files\Intel\Intel(R) Management Engine Components\DAL;C:\Program Files (x86)\Intel\Intel(R) Management Engine Components\IPT;C:\Program Files\Intel\Intel(R) Management Engine Components\IPT;C:\Program Files (x86)\NVIDIA Corporation\PhysX\Common;C:\Program Files (x86)\Calibre2\;C:\WINDOWS\system32;C:\WINDOWS;C:\WINDOWS\System32\Wbem;C:\WINDOWS\System32\WindowsPowerShell\v1.0\;C:\Program Files (x86)\Windows Live\Shared;C:\Program Files (x86)\Skype\Phone\;C:\Program Files\Intel\WiFi\bin\;C:\Program Files\Common Files\Intel\WirelessCommon\;C:\WINDOWS\System32\OpenSSH\;C:\TDM-GCC-32\bin;C:\Program Files\nodejs\;C:\Program Files\Git\cmd;D:\xampp\php\;C:\Program Files\Microsoft SQL Server\130\Tools\Binn\;C:\Program Files\NVIDIA Corporation\NVIDIA NvDLISR;C:\Users\rezii\AppData\Local\Microsoft\WindowsApps;C:\Users\rezii\.dotnet\tools;C:\Users\rezii\AppData\Local\Programs\Python\Python37\Scripts\;C:\Users\rezii\AppData\Local\Programs\Python\Python37\;C:\Program Files\Java\jdk1.8.0_162;C:\Users\rezii\AppData\Local\Microsoft\WindowsApps;C:\Users\rezii\AppData\Local\GitHubDesktop\bin;C:\Users\rezii\AppData\Roaming\npm;D:\MiKTeX\miktex\bin\x64\;C:\Users\rezii\google-cloud-sdk\bin;C:\Users\rezii\AppData\Local\Programs\Microsoft VS Code\bin;C:\Program Files\Java\jre1.8.0_162;C:\Program FIles\Java\jdk1.8.0_162\bin;D:\apache-maven-3.6.3-bin\apache-maven-3.6.3\bin;D:\apache-maven-3.6.3-bin\apache-maven-3.6.3\lib;;."/>
    <property name="java.vm.info" value="mixed mode"/>
    <property name="java.vendor" value="Oracle Corporation"/>
    <property name="java.vm.version" value="25.162-b12"/>
    <property name="java.ext.dirs" value="C:\Program Files\Java\jdk1.8.0_162\jre\lib\ext;C:\WINDOWS\Sun\Java\lib\ext"/>
    <property name="sun.io.unicode.encoding" value="UnicodeLittle"/>
    <property name="java.class.version" value="52.0"/>
  </properties>
  <testcase name="testApp" classname="bdcc.AppTest" time="0.002"/>
</testsuite>